0 info it worked if it ends with ok
1 verbose cli [ '/usr/bin/node', '/usr/bin/npm', 'run', 'integration-test' ]
2 info using npm@3.5.2
3 info using node@v6.11.4
4 verbose run-script [ 'preintegration-test',
4 verbose run-script   'integration-test',
4 verbose run-script   'postintegration-test' ]
5 info lifecycle typescript-cuorse@1.0.0~preintegration-test: typescript-cuorse@1.0.0
6 silly lifecycle typescript-cuorse@1.0.0~preintegration-test: no script for preintegration-test, continuing
7 info lifecycle typescript-cuorse@1.0.0~integration-test: typescript-cuorse@1.0.0
8 verbose lifecycle typescript-cuorse@1.0.0~integration-test: unsafe-perm in lifecycle true
9 verbose lifecycle typescript-cuorse@1.0.0~integration-test: PATH: /usr/share/npm/bin/node-gyp-bin:/home/joao/Documentos/estudos/nodejs/typescript-cuorse/node_modules/.bin:/usr/local/sbin:/usr/local/bin:/usr/sbin:/usr/bin:/sbin:/bin:/usr/games:/usr/local/games:/snap/bin:/usr/lib/jvm/java-8-oracle/bin:/usr/lib/jvm/java-8-oracle/db/bin:/usr/lib/jvm/java-8-oracle/jre/bin:/usr/lib/jvm/java-8-oracle/bin:/usr/lib/jvm/java-8-oracle/db/bin:/usr/lib/jvm/java-8-oracle/jre/bin
10 verbose lifecycle typescript-cuorse@1.0.0~integration-test: CWD: /home/joao/Documentos/estudos/nodejs/typescript-cuorse
11 silly lifecycle typescript-cuorse@1.0.0~integration-test: Args: [ '-c',
11 silly lifecycle   'NODE_ENV=test mocha --opts dist/tests/integration/config/mocha.opts ./dist/tests/integration/integration.test.js' ]
12 silly lifecycle typescript-cuorse@1.0.0~integration-test: Returned: code: 1  signal: null
13 info lifecycle typescript-cuorse@1.0.0~integration-test: Failed to exec integration-test script
14 verbose stack Error: typescript-cuorse@1.0.0 integration-test: `NODE_ENV=test mocha --opts dist/tests/integration/config/mocha.opts ./dist/tests/integration/integration.test.js`
14 verbose stack Exit status 1
14 verbose stack     at EventEmitter.<anonymous> (/usr/share/npm/lib/utils/lifecycle.js:232:16)
14 verbose stack     at emitTwo (events.js:106:13)
14 verbose stack     at EventEmitter.emit (events.js:191:7)
14 verbose stack     at ChildProcess.<anonymous> (/usr/share/npm/lib/utils/spawn.js:24:14)
14 verbose stack     at emitTwo (events.js:106:13)
14 verbose stack     at ChildProcess.emit (events.js:191:7)
14 verbose stack     at maybeClose (internal/child_process.js:920:16)
14 verbose stack     at Process.ChildProcess._handle.onexit (internal/child_process.js:230:5)
15 verbose pkgid typescript-cuorse@1.0.0
16 verbose cwd /home/joao/Documentos/estudos/nodejs/typescript-cuorse
17 error Linux 4.13.0-36-generic
18 error argv "/usr/bin/node" "/usr/bin/npm" "run" "integration-test"
19 error node v6.11.4
20 error npm  v3.5.2
21 error code ELIFECYCLE
22 error typescript-cuorse@1.0.0 integration-test: `NODE_ENV=test mocha --opts dist/tests/integration/config/mocha.opts ./dist/tests/integration/integration.test.js`
22 error Exit status 1
23 error Failed at the typescript-cuorse@1.0.0 integration-test script 'NODE_ENV=test mocha --opts dist/tests/integration/config/mocha.opts ./dist/tests/integration/integration.test.js'.
23 error Make sure you have the latest version of node.js and npm installed.
23 error If you do, this is most likely a problem with the typescript-cuorse package,
23 error not with npm itself.
23 error Tell the author that this fails on your system:
23 error     NODE_ENV=test mocha --opts dist/tests/integration/config/mocha.opts ./dist/tests/integration/integration.test.js
23 error You can get information on how to open an issue for this project with:
23 error     npm bugs typescript-cuorse
23 error Or if that isn't available, you can get their info via:
23 error     npm owner ls typescript-cuorse
23 error There is likely additional logging output above.
24 verbose exit [ 1, true ]
